<?xml version="1.0" encoding="UTF-8"?>
<testsuite xmlns:xsi="http://www.w3.org/2001/XMLSchema-instance" xsi:noNamespaceSchemaLocation="https://maven.apache.org/surefire/maven-surefire-plugin/xsd/surefire-test-report.xsd" version="3.0.2" name="com.example.student_tracking.StudentTrackingApplicationTests" time="6.213" tests="1" errors="0" skipped="0" failures="0">
  <properties>
[...]
</properties>
  <testcase name="contextLoads" classname="com.example.student_tracking.StudentTrackingApplicationTests" time="0.48">
    <system-out><![CDATA[23:41:55.649 [main] INFO org.springframework.test.context.support.AnnotationConfigContextLoaderUtils -- Could not detect default configuration classes for test class [com.example.student_tracking.StudentTrackingApplicationTests]: StudentTrackingApplicationTests does not declare any static, non-private, non-final, nested classes annotated with @Configuration.
23:41:55.795 [main] INFO org.springframework.boot.test.context.SpringBootTestContextBootstrapper -- Found @SpringBootConfiguration com.example.student_tracking.StudentTrackingApplication for test class com.example.student_tracking.StudentTrackingApplicationTests

  .   ____          _            __ _ _
 /\\ / ___'_ __ _ _(_)_ __  __ _ \ \ \ \
( ( )\___ | '_ | '_| | '_ \/ _` | \ \ \ \
 \\/  ___)| |_)| | | | | || (_| |  ) ) ) )
  '  |____| .__|_| |_|_| |_\__, | / / / /
 =========|_|==============|___/=/_/_/_/

 :: Spring Boot ::                (v3.5.0)

2025-06-12T23:41:56.491+03:00  INFO 18048 --- [student-tracking] [           main] c.e.s.StudentTrackingApplicationTests    : Starting StudentTrackingApplicationTests using Java 17.0.14 with PID 18048 (started by emirh in C:\Users\emirh\Downloads\student-tracking\student-tracking)
2025-06-12T23:41:56.495+03:00  INFO 18048 --- [student-tracking] [           main] c.e.s.StudentTrackingApplicationTests    : No active profile set, falling back to 1 default profile: "default"
2025-06-12T23:41:57.442+03:00  INFO 18048 --- [student-tracking] [           main] .s.d.r.c.RepositoryConfigurationDelegate : Bootstrapping Spring Data JPA repositories in DEFAULT mode.
2025-06-12T23:41:57.549+03:00  INFO 18048 --- [student-tracking] [           main] .s.d.r.c.RepositoryConfigurationDelegate : Finished Spring Data repository scanning in 84 ms. Found 3 JPA repository interfaces.
2025-06-12T23:41:58.119+03:00  INFO 18048 --- [student-tracking] [           main] o.hibernate.jpa.internal.util.LogHelper  : HHH000204: Processing PersistenceUnitInfo [name: default]
2025-06-12T23:41:58.209+03:00  INFO 18048 --- [student-tracking] [           main] org.hibernate.Version                    : HHH000412: Hibernate ORM core version 6.6.15.Final
2025-06-12T23:41:58.269+03:00  INFO 18048 --- [student-tracking] [           main] o.h.c.internal.RegionFactoryInitiator    : HHH000026: Second-level cache disabled
2025-06-12T23:41:58.735+03:00  INFO 18048 --- [student-tracking] [           main] o.s.o.j.p.SpringPersistenceUnitInfo      : No LoadTimeWeaver setup: ignoring JPA class transformer
2025-06-12T23:41:58.781+03:00  INFO 18048 --- [student-tracking] [           main] com.zaxxer.hikari.HikariDataSource       : HikariPool-1 - Starting...
2025-06-12T23:41:59.039+03:00  INFO 18048 --- [student-tracking] [           main] com.zaxxer.hikari.pool.HikariPool        : HikariPool-1 - Added connection conn0: url=jdbc:h2:mem:studentdb user=SA
2025-06-12T23:41:59.039+03:00  INFO 18048 --- [student-tracking] [           main] com.zaxxer.hikari.HikariDataSource       : HikariPool-1 - Start completed.
2025-06-12T23:41:59.069+03:00  WARN 18048 --- [student-tracking] [           main] org.hibernate.orm.deprecation            : HHH90000025: H2Dialect does not need to be specified explicitly using 'hibernate.dialect' (remove the property setting and it will be selected by default)
2025-06-12T23:41:59.103+03:00  INFO 18048 --- [student-tracking] [           main] org.hibernate.orm.connections.pooling    : HHH10001005: Database info:
	Database JDBC URL [Connecting through datasource 'HikariDataSource (HikariPool-1)']
	Database driver: undefined/unknown
	Database version: 2.3.232
	Autocommit mode: undefined/unknown
	Isolation level: undefined/unknown
	Minimum pool size: undefined/unknown
	Maximum pool size: undefined/unknown
2025-06-12T23:42:00.129+03:00  INFO 18048 --- [student-tracking] [           main] o.h.e.t.j.p.i.JtaPlatformInitiator       : HHH000489: No JTA platform available (set 'hibernate.transaction.jta.platform' to enable JTA platform integration)
Hibernate: create table course (id bigint generated by default as identity, course_name varchar(255), primary key (id))
Hibernate: create table grade (id bigint generated by default as identity, score float(53) not null, course_id bigint, student_id bigint, primary key (id))
Hibernate: create table student (id bigint generated by default as identity, name varchar(255), primary key (id))
Hibernate: alter table if exists grade add constraint FK7e8ca7hfmrpruicqhocskjlf2 foreign key (course_id) references course
Hibernate: alter table if exists grade add constraint FK5secqnjjwgh9wxk4h1xwgj1n0 foreign key (student_id) references student
2025-06-12T23:42:00.199+03:00  INFO 18048 --- [student-tracking] [           main] j.LocalContainerEntityManagerFactoryBean : Initialized JPA EntityManagerFactory for persistence unit 'default'
2025-06-12T23:42:00.653+03:00  WARN 18048 --- [student-tracking] [           main] JpaBaseConfiguration$JpaWebConfiguration : spring.jpa.open-in-view is enabled by default. Therefore, database queries may be performed during view rendering. Explicitly configure spring.jpa.open-in-view to disable this warning
2025-06-12T23:42:01.099+03:00  INFO 18048 --- [student-tracking] [           main] o.s.b.a.h2.H2ConsoleAutoConfiguration    : H2 console available at '/h2-console'. Database available at 'jdbc:h2:mem:studentdb'
2025-06-12T23:42:01.189+03:00  INFO 18048 --- [student-tracking] [           main] c.e.s.StudentTrackingApplicationTests    : Started StudentTrackingApplicationTests in 5.182 seconds (process running for 6.393)
]]></system-out>
  </testcase>
</testsuite>